= Host-specific information ====================================================
$> hostname; uname -msr
e2r11p16.42.fr
Darwin 15.6.0 x86_64
$> date
Wed Mar  1 16:16:49 CET 2017
$> gcc --version
Configured with: --prefix=/Applications/Xcode.app/Contents/Developer/usr --with-gxx-include-dir=/usr/include/c++/4.2.1
Apple LLVM version 8.0.0 (clang-800.0.42.1)
Target: x86_64-apple-darwin15.6.0
Thread model: posix
InstalledDir: /Applications/Xcode.app/Contents/Developer/Toolchains/XcodeDefault.xctoolchain/usr/bin
$> clang --version
Apple LLVM version 8.0.0 (clang-800.0.42.1)
Target: x86_64-apple-darwin15.6.0
Thread model: posix
InstalledDir: /Applications/Xcode.app/Contents/Developer/Toolchains/XcodeDefault.xctoolchain/usr/bin

= User files collection ========================================================
Collecting user files from Vogsphere
Repository URL: auto-exam/2017/c-exam-beginner/practice-exam_20170301/jcazako3

= Git history ==================================================================
$> git -C /var/folders/r2/gpshfdtj50xd8np872mwslbc0000gq/T/tmpTANpvo/user log --pretty='%H - %an, %ad : %s'
d2e6688190c4259bb687928c01a288f6c9854740 - Jean-charles CAZAKO, Wed Mar 1 16:16:34 2017 +0100 : one again
 
= Collected files ==========================================
$> ls -lAR /var/folders/r2/gpshfdtj50xd8np872mwslbc0000gq/T/tmpTANpvo/user
total 8
-rw-r--r--  1 deepthought  deepthought  268 Mar  1 16:16 __GIT_HISTORY
drwxr-xr-x  3 deepthought  deepthought  102 Mar  1 16:16 brackets

/var/folders/r2/gpshfdtj50xd8np872mwslbc0000gq/T/tmpTANpvo/user/brackets:
total 8
-rw-r--r--  1 deepthought  deepthought  1413 Mar  1 16:16 brackets.c
 
= brackets =====================================================================
$> clang -Wextra -Wall -Werror brackets.c -o user_exe 

= Test 1 ===================================================
$> ./7gqomq6p5tuosg64bsi66mq1 '(toto)'
$> diff -U 3 user_output_test1 test1.output | cat -e

Diff OK :D
= Test 2 ===================================================
$> ./4d90vb4wb551zs2qokt26xbb '([)]'
$> diff -U 3 user_output_test2 test2.output | cat -e

Diff OK :D
= Test 3 ===================================================
$> ./g64dwowtf1qlxt2fpb0a5c6l '' '{[(0 + 0)(1 + 1)](3*(-1)){()}}'
$> diff -U 3 user_output_test3 test3.output | cat -e

Diff OK :D
= Test 4 ===================================================
$> ./eouof44oxiznafqd9tssvu71 
$> diff -U 3 user_output_test4 test4.output | cat -e

Diff OK :D
= Test 5 ===================================================
$> ./j1zl7ly2xoboilv5s9eprz3e '()' '[]' '{}' '' 'toto' '([{}[{(()[])}()]]())(((([])))())'
$> diff -U 3 user_output_test5 test5.output | cat -e

Diff OK :D
= Test 6 ===================================================
$> ./tyr95thwj56bbx5cvkyhqhgc '()[]{}' '([{}])[({})]{([])}'
$> diff -U 3 user_output_test6 test6.output | cat -e

Diff OK :D
= Test 7 ===================================================
$> ./winyxnnv02b0gl0i4ipqxwwq '(]' '{)' '[}' ')' '}' ')' '(' '{' '['
$> diff -U 3 user_output_test7 test7.output | cat -e

Diff OK :D
= Test 8 ===================================================
$> ./truhbgh6ah5tygbvd3bxwprm '({)}' '[()]{}]' '])}' '([{' "(cette (trace n'a pas [de but precis]) {a part embeter (tout le monde)})"
$> diff -U 3 user_output_test8 test8.output | cat -e

Diff OK :D
Grade: 1

= Final grade: 1 ===============================================================
